1f737271-6ba1-40b2-8ac9-a0c2f315d55a{
	"event_id": "4798ca4c-5192-4022-bd15-ca8a6da96ce4",
	"order_id": "2869505b-7316-47a1-ae9e-6491951d2ffa",
	"order_number": "10104211111292",
	"state": "fulfilled",
	"store_id": "1588",
	"timestamp": 1605094700418,
	"delivery_details": {
		"delivery_tracking_number": "00340434461283103862",
		"delivery_carrier_name": "DHL_DE",
		"return_tracking_number": "744647704564",
		"return_carrier_name": "DHL_DE"
	},
	"items": [{
		"item_id": "eaa8a6b8-459d-4ce8-9fdb-b5e79bdbaf8f",
		"ean": "0193391111155",
		"price": 117.52,
		"currency": "EUR",
		"article_number": "TI112M00F-N110012000",
		"article_location": null,
		"return_reason_code": 2
	}]
}

1f737271-6ba1-40b2-8ac9-a0c2f315d55a{
	"event_id": "4798ca4c-5192-4022-bd15-ca8a6da96ce4",
	"order_id": "2869505b-7316-47a1-ae9e-6491951d2ffa",
	"order_number": "10104211111292",
	"state": "fulfilled",
	"store_id": "1588",
	"timestamp": 1605094700418,
	"delivery_details": {
		"delivery_tracking_number": "00340434461283103862",
		"delivery_carrier_name": "DHL_DE",
		"return_tracking_number": "744647704564",
		"return_carrier_name": "DHL_DE"
	},
	"items": [{
		"item_id": "eaa8a6b8-459d-4ce8-9fdb-b5e79bdbaf8f",
		"ean": "0193391111155",
		"price": 117.52,
		"currency": "EUR",
		"article_number": "TI112M00F-N110012000",
		"article_location": null,
		"return_reason_code": 2
	}]
}

4e847d2b-45ee-43fd-8cc3-108ade5b2a1c{
	"event_id": "4798ca4c-5192-4022-bd15-ca8a6da96ce4",
	"order_id": "2869505b-7316-47a1-ae9e-6491951d2ffa",
	"order_number": "10104211111292",
	"state": "fulfilled",
	"store_id": "1588",
	"timestamp": 1605094700418,
	"delivery_details": {
		"delivery_tracking_number": "00340434461283103862",
		"delivery_carrier_name": "DHL_DE",
		"return_tracking_number": "744647704564",
		"return_carrier_name": "DHL_DE"
	},
	"items": [{
		"item_id": "eaa8a6b8-459d-4ce8-9fdb-b5e79bdbaf8f",
		"ean": "0193391111155",
		"price": 117.52,
		"currency": "EUR",
		"article_number": "TI112M00F-N110012000",
		"article_location": null,
		"return_reason_code": 2
	}]
}

1f737271-6ba1-40b2-8ac9-a0c2f315d55a{
	"event_id": "4798ca4c-5192-4022-bd15-ca8a6da96ce4",
	"order_id": "2869505b-7316-47a1-ae9e-6491951d2ffa",
	"order_number": "10104211111292",
	"state": "fulfilled",
	"store_id": "1588",
	"timestamp": 1605094700418,
	"delivery_details": {
		"delivery_tracking_number": "00340434461283103862",
		"delivery_carrier_name": "DHL_DE",
		"return_tracking_number": "744647704564",
		"return_carrier_name": "DHL_DE"
	},
	"items": [{
		"item_id": "eaa8a6b8-459d-4ce8-9fdb-b5e79bdbaf8f",
		"ean": "0193391111155",
		"price": 117.52,
		"currency": "EUR",
		"article_number": "TI112M00F-N110012000",
		"article_location": null,
		"return_reason_code": 2
	}]
}

4e847d2b-45ee-43fd-8cc3-108ade5b2a1c{
	"event_id": "4798ca4c-5192-4022-bd15-ca8a6da96ce4",
	"order_id": "2869505b-7316-47a1-ae9e-6491951d2ffa",
	"order_number": "10104211111292",
	"state": "fulfilled",
	"store_id": "1588",
	"timestamp": 1605094700418,
	"delivery_details": {
		"delivery_tracking_number": "00340434461283103862",
		"delivery_carrier_name": "DHL_DE",
		"return_tracking_number": "744647704564",
		"return_carrier_name": "DHL_DE"
	},
	"items": [{
		"item_id": "eaa8a6b8-459d-4ce8-9fdb-b5e79bdbaf8f",
		"ean": "0193391111155",
		"price": 117.52,
		"currency": "EUR",
		"article_number": "TI112M00F-N110012000",
		"article_location": null,
		"return_reason_code": 2
	}]
}

1f737271-6ba1-40b2-8ac9-a0c2f315d55a{
	"event_id": "4798ca4c-5192-4022-bd15-ca8a6da96ce4",
	"order_id": "2869505b-7316-47a1-ae9e-6491951d2ffa",
	"order_number": "10104211111292",
	"state": "fulfilled",
	"store_id": "1588",
	"timestamp": 1605094700418,
	"delivery_details": {
		"delivery_tracking_number": "00340434461283103862",
		"delivery_carrier_name": "DHL_DE",
		"return_tracking_number": "744647704564",
		"return_carrier_name": "DHL_DE"
	},
	"items": [{
		"item_id": "eaa8a6b8-459d-4ce8-9fdb-b5e79bdbaf8f",
		"ean": "0193391111155",
		"price": 117.52,
		"currency": "EUR",
		"article_number": "TI112M00F-N110012000",
		"article_location": null,
		"return_reason_code": 2
	}]
}

